[0.016s] Invoking command in '/home/timur/FormationControlCpp/PythonVersion [Cpp]/build/cpp_blob_detector': CMAKE_PREFIX_PATH=${CMAKE_PREFIX_PATH}:/opt/ros/galactic /usr/bin/cmake --build /home/timur/FormationControlCpp/PythonVersion [Cpp]/build/cpp_blob_detector -- -j8 -l8
[0.063s] [35m[1mScanning dependencies of target cpp_blob_detector[0m
[0.092s] [ 50%] [32mBuilding CXX object CMakeFiles/cpp_blob_detector.dir/src/main.cpp.o[0m
[3.878s] [100%] [32m[1mLinking CXX executable cpp_blob_detector[0m
[4.075s] [100%] Built target cpp_blob_detector
[4.087s] Invoked command in '/home/timur/FormationControlCpp/PythonVersion [Cpp]/build/cpp_blob_detector' returned '0': CMAKE_PREFIX_PATH=${CMAKE_PREFIX_PATH}:/opt/ros/galactic /usr/bin/cmake --build /home/timur/FormationControlCpp/PythonVersion [Cpp]/build/cpp_blob_detector -- -j8 -l8
[4.120s] Invoking command in '/home/timur/FormationControlCpp/PythonVersion [Cpp]/build/cpp_blob_detector': CMAKE_PREFIX_PATH=${CMAKE_PREFIX_PATH}:/opt/ros/galactic /usr/bin/cmake --install /home/timur/FormationControlCpp/PythonVersion [Cpp]/build/cpp_blob_detector
[4.129s] -- Install configuration: ""
[4.129s] -- Installing: /home/timur/FormationControlCpp/PythonVersion [Cpp]/install/cpp_blob_detector/lib/cpp_blob_detector/cpp_blob_detector
[4.131s] -- Set runtime path of "/home/timur/FormationControlCpp/PythonVersion [Cpp]/install/cpp_blob_detector/lib/cpp_blob_detector/cpp_blob_detector" to ""
[4.131s] -- Up-to-date: /home/timur/FormationControlCpp/PythonVersion [Cpp]/install/cpp_blob_detector/share/ament_index/resource_index/package_run_dependencies/cpp_blob_detector
[4.131s] -- Up-to-date: /home/timur/FormationControlCpp/PythonVersion [Cpp]/install/cpp_blob_detector/share/ament_index/resource_index/parent_prefix_path/cpp_blob_detector
[4.131s] -- Up-to-date: /home/timur/FormationControlCpp/PythonVersion [Cpp]/install/cpp_blob_detector/share/cpp_blob_detector/environment/ament_prefix_path.sh
[4.131s] -- Up-to-date: /home/timur/FormationControlCpp/PythonVersion [Cpp]/install/cpp_blob_detector/share/cpp_blob_detector/environment/ament_prefix_path.dsv
[4.131s] -- Up-to-date: /home/timur/FormationControlCpp/PythonVersion [Cpp]/install/cpp_blob_detector/share/cpp_blob_detector/environment/path.sh
[4.131s] -- Up-to-date: /home/timur/FormationControlCpp/PythonVersion [Cpp]/install/cpp_blob_detector/share/cpp_blob_detector/environment/path.dsv
[4.131s] -- Up-to-date: /home/timur/FormationControlCpp/PythonVersion [Cpp]/install/cpp_blob_detector/share/cpp_blob_detector/local_setup.bash
[4.131s] -- Up-to-date: /home/timur/FormationControlCpp/PythonVersion [Cpp]/install/cpp_blob_detector/share/cpp_blob_detector/local_setup.sh
[4.132s] -- Up-to-date: /home/timur/FormationControlCpp/PythonVersion [Cpp]/install/cpp_blob_detector/share/cpp_blob_detector/local_setup.zsh
[4.132s] -- Up-to-date: /home/timur/FormationControlCpp/PythonVersion [Cpp]/install/cpp_blob_detector/share/cpp_blob_detector/local_setup.dsv
[4.132s] -- Installing: /home/timur/FormationControlCpp/PythonVersion [Cpp]/install/cpp_blob_detector/share/cpp_blob_detector/package.dsv
[4.132s] -- Up-to-date: /home/timur/FormationControlCpp/PythonVersion [Cpp]/install/cpp_blob_detector/share/ament_index/resource_index/packages/cpp_blob_detector
[4.132s] -- Up-to-date: /home/timur/FormationControlCpp/PythonVersion [Cpp]/install/cpp_blob_detector/share/cpp_blob_detector/cmake/cpp_blob_detectorConfig.cmake
[4.132s] -- Up-to-date: /home/timur/FormationControlCpp/PythonVersion [Cpp]/install/cpp_blob_detector/share/cpp_blob_detector/cmake/cpp_blob_detectorConfig-version.cmake
[4.132s] -- Up-to-date: /home/timur/FormationControlCpp/PythonVersion [Cpp]/install/cpp_blob_detector/share/cpp_blob_detector/package.xml
[4.134s] Invoked command in '/home/timur/FormationControlCpp/PythonVersion [Cpp]/build/cpp_blob_detector' returned '0': CMAKE_PREFIX_PATH=${CMAKE_PREFIX_PATH}:/opt/ros/galactic /usr/bin/cmake --install /home/timur/FormationControlCpp/PythonVersion [Cpp]/build/cpp_blob_detector
