[0.289s] DEBUG:colcon:Command line arguments: ['/usr/bin/colcon', 'build']
[0.289s] DEBUG:colcon:Parsed command line arguments: Namespace(ament_cmake_args=None, base_paths=['.'], build_base='build', catkin_cmake_args=None, catkin_skip_building_tests=False, cmake_args=None, cmake_clean_cache=False, cmake_clean_first=False, cmake_force_configure=False, cmake_target=None, cmake_target_skip_unavailable=False, continue_on_error=False, event_handlers=None, executor='parallel', ignore_user_meta=False, install_base='install', log_base=None, log_level=None, main=<bound method BuildVerb.main of <colcon_core.verb.build.BuildVerb object at 0x7f6f44a53dc0>>, merge_install=False, metas=['./colcon.meta'], packages_above=None, packages_above_and_dependencies=None, packages_above_depth=None, packages_end=None, packages_ignore=None, packages_ignore_regex=None, packages_select=None, packages_select_build_failed=False, packages_select_by_dep=None, packages_select_regex=None, packages_select_test_failures=False, packages_skip=None, packages_skip_build_finished=False, packages_skip_by_dep=None, packages_skip_regex=None, packages_skip_test_passed=False, packages_skip_up_to=None, packages_start=None, packages_up_to=None, packages_up_to_regex=None, parallel_workers=8, paths=None, symlink_install=False, test_result_base=None, verb_extension=<colcon_core.verb.build.BuildVerb object at 0x7f6f44a53dc0>, verb_name='build', verb_parser=<colcon_defaults.argument_parser.defaults.DefaultArgumentsDecorator object at 0x7f6f44a5f370>)
[0.296s] Level 1:colcon.colcon_core.package_discovery:discover_packages(colcon_meta) check parameters
[0.296s] Level 1:colcon.colcon_core.package_discovery:discover_packages(recursive) check parameters
[0.296s] Level 1:colcon.colcon_core.package_discovery:discover_packages(ignore) check parameters
[0.297s] Level 1:colcon.colcon_core.package_discovery:discover_packages(path) check parameters
[0.297s] Level 1:colcon.colcon_core.package_discovery:discover_packages(colcon_meta) discover
[0.297s] Level 1:colcon.colcon_core.package_discovery:discover_packages(recursive) discover
[0.297s] INFO:colcon.colcon_core.package_discovery:Crawling recursively for packages in '/home/timur/FormationControlCpp/PythonVersion [Cpp]'
[0.297s] Level 1:colcon.colcon_core.package_identification:_identify(.) by extensions ['ignore', 'ignore_ament_install']
[0.297s] Level 1:colcon.colcon_core.package_identification:_identify(.) by extension 'ignore'
[0.297s] Level 1:colcon.colcon_core.package_identification:_identify(.) by extension 'ignore_ament_install'
[0.297s] Level 1:colcon.colcon_core.package_identification:_identify(.) by extensions ['colcon_pkg']
[0.297s] Level 1:colcon.colcon_core.package_identification:_identify(.) by extension 'colcon_pkg'
[0.297s] Level 1:colcon.colcon_core.package_identification:_identify(.) by extensions ['colcon_meta']
[0.297s] Level 1:colcon.colcon_core.package_identification:_identify(.) by extension 'colcon_meta'
[0.298s] Level 1:colcon.colcon_core.package_identification:_identify(.) by extensions ['ros']
[0.298s] Level 1:colcon.colcon_core.package_identification:_identify(.) by extension 'ros'
[0.309s] Level 1:colcon.colcon_core.package_identification:_identify(.) by extensions ['cmake', 'python']
[0.309s] Level 1:colcon.colcon_core.package_identification:_identify(.) by extension 'cmake'
[0.309s] Level 1:colcon.colcon_core.package_identification:_identify(.) by extension 'python'
[0.309s] Level 1:colcon.colcon_core.package_identification:_identify(.) by extensions ['python_setup_py']
[0.309s] Level 1:colcon.colcon_core.package_identification:_identify(.) by extension 'python_setup_py'
[0.309s] Level 1:colcon.colcon_core.package_identification:_identify(build) by extensions ['ignore', 'ignore_ament_install']
[0.309s] Level 1:colcon.colcon_core.package_identification:_identify(build) by extension 'ignore'
[0.310s] Level 1:colcon.colcon_core.package_identification:_identify(build) ignored
[0.310s] Level 1:colcon.colcon_core.package_identification:_identify(install) by extensions ['ignore', 'ignore_ament_install']
[0.310s] Level 1:colcon.colcon_core.package_identification:_identify(install) by extension 'ignore'
[0.310s] Level 1:colcon.colcon_core.package_identification:_identify(install) ignored
[0.310s] Level 1:colcon.colcon_core.package_identification:_identify(log) by extensions ['ignore', 'ignore_ament_install']
[0.310s] Level 1:colcon.colcon_core.package_identification:_identify(log) by extension 'ignore'
[0.310s] Level 1:colcon.colcon_core.package_identification:_identify(log) ignored
[0.310s] Level 1:colcon.colcon_core.package_identification:_identify(src) by extensions ['ignore', 'ignore_ament_install']
[0.311s] Level 1:colcon.colcon_core.package_identification:_identify(src) by extension 'ignore'
[0.311s] Level 1:colcon.colcon_core.package_identification:_identify(src) by extension 'ignore_ament_install'
[0.311s] Level 1:colcon.colcon_core.package_identification:_identify(src) by extensions ['colcon_pkg']
[0.311s] Level 1:colcon.colcon_core.package_identification:_identify(src) by extension 'colcon_pkg'
[0.311s] Level 1:colcon.colcon_core.package_identification:_identify(src) by extensions ['colcon_meta']
[0.311s] Level 1:colcon.colcon_core.package_identification:_identify(src) by extension 'colcon_meta'
[0.311s] Level 1:colcon.colcon_core.package_identification:_identify(src) by extensions ['ros']
[0.311s] Level 1:colcon.colcon_core.package_identification:_identify(src) by extension 'ros'
[0.311s] Level 1:colcon.colcon_core.package_identification:_identify(src) by extensions ['cmake', 'python']
[0.311s] Level 1:colcon.colcon_core.package_identification:_identify(src) by extension 'cmake'
[0.311s] Level 1:colcon.colcon_core.package_identification:_identify(src) by extension 'python'
[0.311s] Level 1:colcon.colcon_core.package_identification:_identify(src) by extensions ['python_setup_py']
[0.311s] Level 1:colcon.colcon_core.package_identification:_identify(src) by extension 'python_setup_py'
[0.312s] Level 1:colcon.colcon_core.package_identification:_identify(src/cpp_blob_detector) by extensions ['ignore', 'ignore_ament_install']
[0.312s] Level 1:colcon.colcon_core.package_identification:_identify(src/cpp_blob_detector) by extension 'ignore'
[0.312s] Level 1:colcon.colcon_core.package_identification:_identify(src/cpp_blob_detector) by extension 'ignore_ament_install'
[0.312s] Level 1:colcon.colcon_core.package_identification:_identify(src/cpp_blob_detector) by extensions ['colcon_pkg']
[0.312s] Level 1:colcon.colcon_core.package_identification:_identify(src/cpp_blob_detector) by extension 'colcon_pkg'
[0.312s] Level 1:colcon.colcon_core.package_identification:_identify(src/cpp_blob_detector) by extensions ['colcon_meta']
[0.312s] Level 1:colcon.colcon_core.package_identification:_identify(src/cpp_blob_detector) by extension 'colcon_meta'
[0.312s] Level 1:colcon.colcon_core.package_identification:_identify(src/cpp_blob_detector) by extensions ['ros']
[0.312s] Level 1:colcon.colcon_core.package_identification:_identify(src/cpp_blob_detector) by extension 'ros'
[0.315s] DEBUG:colcon.colcon_core.package_identification:Package 'src/cpp_blob_detector' with type 'ros.ament_cmake' and name 'cpp_blob_detector'
[0.316s] Level 1:colcon.colcon_core.package_discovery:discover_packages(recursive) using defaults
[0.316s] Level 1:colcon.colcon_core.package_discovery:discover_packages(ignore) discover
[0.316s] Level 1:colcon.colcon_core.package_discovery:discover_packages(ignore) using defaults
[0.316s] Level 1:colcon.colcon_core.package_discovery:discover_packages(path) discover
[0.316s] Level 1:colcon.colcon_core.package_discovery:discover_packages(path) using defaults
[0.335s] Level 5:colcon.colcon_core.verb:set package 'cpp_blob_detector' build argument 'cmake_args' from command line to 'None'
[0.335s] Level 5:colcon.colcon_core.verb:set package 'cpp_blob_detector' build argument 'cmake_target' from command line to 'None'
[0.335s] Level 5:colcon.colcon_core.verb:set package 'cpp_blob_detector' build argument 'cmake_target_skip_unavailable' from command line to 'False'
[0.335s] Level 5:colcon.colcon_core.verb:set package 'cpp_blob_detector' build argument 'cmake_clean_cache' from command line to 'False'
[0.335s] Level 5:colcon.colcon_core.verb:set package 'cpp_blob_detector' build argument 'cmake_clean_first' from command line to 'False'
[0.335s] Level 5:colcon.colcon_core.verb:set package 'cpp_blob_detector' build argument 'cmake_force_configure' from command line to 'False'
[0.335s] Level 5:colcon.colcon_core.verb:set package 'cpp_blob_detector' build argument 'ament_cmake_args' from command line to 'None'
[0.335s] Level 5:colcon.colcon_core.verb:set package 'cpp_blob_detector' build argument 'catkin_cmake_args' from command line to 'None'
[0.336s] Level 5:colcon.colcon_core.verb:set package 'cpp_blob_detector' build argument 'catkin_skip_building_tests' from command line to 'False'
[0.336s] DEBUG:colcon.colcon_core.verb:Building package 'cpp_blob_detector' with the following arguments: {'ament_cmake_args': None, 'build_base': '/home/timur/FormationControlCpp/PythonVersion [Cpp]/build/cpp_blob_detector', 'catkin_cmake_args': None, 'catkin_skip_building_tests': False, 'cmake_args': None, 'cmake_clean_cache': False, 'cmake_clean_first': False, 'cmake_force_configure': False, 'cmake_target': None, 'cmake_target_skip_unavailable': False, 'install_base': '/home/timur/FormationControlCpp/PythonVersion [Cpp]/install/cpp_blob_detector', 'merge_install': False, 'path': '/home/timur/FormationControlCpp/PythonVersion [Cpp]/src/cpp_blob_detector', 'symlink_install': False, 'test_result_base': None}
[0.336s] INFO:colcon.colcon_core.executor:Executing jobs using 'parallel' executor
[0.338s] DEBUG:colcon.colcon_parallel_executor.executor.parallel:run_until_complete
[0.338s] INFO:colcon.colcon_ros.task.ament_cmake.build:Building ROS package in '/home/timur/FormationControlCpp/PythonVersion [Cpp]/src/cpp_blob_detector' with build type 'ament_cmake'
[0.339s] INFO:colcon.colcon_cmake.task.cmake.build:Building CMake package in '/home/timur/FormationControlCpp/PythonVersion [Cpp]/src/cpp_blob_detector'
[0.344s] INFO:colcon.colcon_core.plugin_system:Skipping extension 'colcon_core.shell.bat': Not used on non-Windows systems
[0.344s] INFO:colcon.colcon_core.shell:Skip shell extension 'powershell' for command environment: Not usable outside of PowerShell
[0.344s] DEBUG:colcon.colcon_core.shell:Skip shell extension 'dsv' for command environment
[0.349s] DEBUG:colcon.colcon_core.shell:Ignoring prefix path '/opt/ros/galactic'
[0.362s] DEBUG:colcon.colcon_core.event_handler.log_command:Invoking command in '/home/timur/FormationControlCpp/PythonVersion [Cpp]/build/cpp_blob_detector': CMAKE_PREFIX_PATH=/opt/ros/galactic /usr/bin/cmake --build /home/timur/FormationControlCpp/PythonVersion [Cpp]/build/cpp_blob_detector -- -j8 -l8
[4.408s] DEBUG:colcon.colcon_core.event_handler.log_command:Invoked command in '/home/timur/FormationControlCpp/PythonVersion [Cpp]/build/cpp_blob_detector' returned '0': CMAKE_PREFIX_PATH=/opt/ros/galactic /usr/bin/cmake --build /home/timur/FormationControlCpp/PythonVersion [Cpp]/build/cpp_blob_detector -- -j8 -l8
[4.438s] DEBUG:colcon.colcon_core.event_handler.log_command:Invoking command in '/home/timur/FormationControlCpp/PythonVersion [Cpp]/build/cpp_blob_detector': CMAKE_PREFIX_PATH=/opt/ros/galactic /usr/bin/cmake --install /home/timur/FormationControlCpp/PythonVersion [Cpp]/build/cpp_blob_detector
[4.454s] Level 1:colcon.colcon_core.environment:create_environment_scripts_only(cpp_blob_detector)
[4.455s] DEBUG:colcon.colcon_core.event_handler.log_command:Invoked command in '/home/timur/FormationControlCpp/PythonVersion [Cpp]/build/cpp_blob_detector' returned '0': CMAKE_PREFIX_PATH=/opt/ros/galactic /usr/bin/cmake --install /home/timur/FormationControlCpp/PythonVersion [Cpp]/build/cpp_blob_detector
[4.458s] Level 1:colcon.colcon_core.environment:checking '/home/timur/FormationControlCpp/PythonVersion [Cpp]/install/cpp_blob_detector' for CMake module files
[4.459s] Level 1:colcon.colcon_core.environment:checking '/home/timur/FormationControlCpp/PythonVersion [Cpp]/install/cpp_blob_detector' for CMake config files
[4.459s] Level 1:colcon.colcon_core.shell:create_environment_hook('cpp_blob_detector', 'cmake_prefix_path')
[4.460s] INFO:colcon.colcon_core.shell:Creating environment hook '/home/timur/FormationControlCpp/PythonVersion [Cpp]/install/cpp_blob_detector/share/cpp_blob_detector/hook/cmake_prefix_path.ps1'
[4.460s] INFO:colcon.colcon_core.shell:Creating environment descriptor '/home/timur/FormationControlCpp/PythonVersion [Cpp]/install/cpp_blob_detector/share/cpp_blob_detector/hook/cmake_prefix_path.dsv'
[4.461s] INFO:colcon.colcon_core.shell:Creating environment hook '/home/timur/FormationControlCpp/PythonVersion [Cpp]/install/cpp_blob_detector/share/cpp_blob_detector/hook/cmake_prefix_path.sh'
[4.463s] Level 1:colcon.colcon_core.environment:checking '/home/timur/FormationControlCpp/PythonVersion [Cpp]/install/cpp_blob_detector/lib'
[4.463s] Level 1:colcon.colcon_core.environment:checking '/home/timur/FormationControlCpp/PythonVersion [Cpp]/install/cpp_blob_detector/bin'
[4.463s] Level 1:colcon.colcon_core.environment:checking '/home/timur/FormationControlCpp/PythonVersion [Cpp]/install/cpp_blob_detector/lib/pkgconfig/cpp_blob_detector.pc'
[4.463s] Level 1:colcon.colcon_core.environment:checking '/home/timur/FormationControlCpp/PythonVersion [Cpp]/install/cpp_blob_detector/lib/python3.8/site-packages'
[4.464s] INFO:colcon.colcon_core.shell:Creating package script '/home/timur/FormationControlCpp/PythonVersion [Cpp]/install/cpp_blob_detector/share/cpp_blob_detector/package.ps1'
[4.464s] INFO:colcon.colcon_core.shell:Creating package descriptor '/home/timur/FormationControlCpp/PythonVersion [Cpp]/install/cpp_blob_detector/share/cpp_blob_detector/package.dsv'
[4.465s] INFO:colcon.colcon_core.shell:Creating package script '/home/timur/FormationControlCpp/PythonVersion [Cpp]/install/cpp_blob_detector/share/cpp_blob_detector/package.sh'
[4.466s] INFO:colcon.colcon_core.shell:Creating package script '/home/timur/FormationControlCpp/PythonVersion [Cpp]/install/cpp_blob_detector/share/cpp_blob_detector/package.bash'
[4.466s] INFO:colcon.colcon_core.shell:Creating package script '/home/timur/FormationControlCpp/PythonVersion [Cpp]/install/cpp_blob_detector/share/cpp_blob_detector/package.zsh'
[4.467s] Level 1:colcon.colcon_core.environment:create_file_with_runtime_dependencies(/home/timur/FormationControlCpp/PythonVersion [Cpp]/install/cpp_blob_detector/share/colcon-core/packages/cpp_blob_detector)
[4.489s] Level 1:colcon.colcon_core.environment:create_environment_scripts_only(cpp_blob_detector)
[4.490s] Level 1:colcon.colcon_core.environment:checking '/home/timur/FormationControlCpp/PythonVersion [Cpp]/install/cpp_blob_detector' for CMake module files
[4.490s] Level 1:colcon.colcon_core.environment:checking '/home/timur/FormationControlCpp/PythonVersion [Cpp]/install/cpp_blob_detector' for CMake config files
[4.491s] Level 1:colcon.colcon_core.shell:create_environment_hook('cpp_blob_detector', 'cmake_prefix_path')
[4.491s] INFO:colcon.colcon_core.shell:Creating environment hook '/home/timur/FormationControlCpp/PythonVersion [Cpp]/install/cpp_blob_detector/share/cpp_blob_detector/hook/cmake_prefix_path.ps1'
[4.492s] INFO:colcon.colcon_core.shell:Creating environment descriptor '/home/timur/FormationControlCpp/PythonVersion [Cpp]/install/cpp_blob_detector/share/cpp_blob_detector/hook/cmake_prefix_path.dsv'
[4.492s] INFO:colcon.colcon_core.shell:Creating environment hook '/home/timur/FormationControlCpp/PythonVersion [Cpp]/install/cpp_blob_detector/share/cpp_blob_detector/hook/cmake_prefix_path.sh'
[4.493s] Level 1:colcon.colcon_core.environment:checking '/home/timur/FormationControlCpp/PythonVersion [Cpp]/install/cpp_blob_detector/lib'
[4.493s] Level 1:colcon.colcon_core.environment:checking '/home/timur/FormationControlCpp/PythonVersion [Cpp]/install/cpp_blob_detector/bin'
[4.493s] Level 1:colcon.colcon_core.environment:checking '/home/timur/FormationControlCpp/PythonVersion [Cpp]/install/cpp_blob_detector/lib/pkgconfig/cpp_blob_detector.pc'
[4.493s] Level 1:colcon.colcon_core.environment:checking '/home/timur/FormationControlCpp/PythonVersion [Cpp]/install/cpp_blob_detector/lib/python3.8/site-packages'
[4.494s] INFO:colcon.colcon_core.shell:Creating package script '/home/timur/FormationControlCpp/PythonVersion [Cpp]/install/cpp_blob_detector/share/cpp_blob_detector/package.ps1'
[4.494s] INFO:colcon.colcon_core.shell:Creating package descriptor '/home/timur/FormationControlCpp/PythonVersion [Cpp]/install/cpp_blob_detector/share/cpp_blob_detector/package.dsv'
[4.495s] INFO:colcon.colcon_core.shell:Creating package script '/home/timur/FormationControlCpp/PythonVersion [Cpp]/install/cpp_blob_detector/share/cpp_blob_detector/package.sh'
[4.495s] INFO:colcon.colcon_core.shell:Creating package script '/home/timur/FormationControlCpp/PythonVersion [Cpp]/install/cpp_blob_detector/share/cpp_blob_detector/package.bash'
[4.496s] INFO:colcon.colcon_core.shell:Creating package script '/home/timur/FormationControlCpp/PythonVersion [Cpp]/install/cpp_blob_detector/share/cpp_blob_detector/package.zsh'
[4.497s] Level 1:colcon.colcon_core.environment:create_file_with_runtime_dependencies(/home/timur/FormationControlCpp/PythonVersion [Cpp]/install/cpp_blob_detector/share/colcon-core/packages/cpp_blob_detector)
[4.497s] DEBUG:colcon.colcon_parallel_executor.executor.parallel:closing loop
[4.497s] DEBUG:colcon.colcon_parallel_executor.executor.parallel:loop closed
[4.498s] DEBUG:colcon.colcon_parallel_executor.executor.parallel:run_until_complete finished with '0'
[4.498s] DEBUG:colcon.colcon_core.event_reactor:joining thread
[4.504s] INFO:colcon.colcon_core.plugin_system:Skipping extension 'colcon_notification.desktop_notification.terminal_notifier': Not used on non-Darwin systems
[4.504s] INFO:colcon.colcon_core.plugin_system:Skipping extension 'colcon_notification.desktop_notification.win32': Not used on non-Windows systems
[4.504s] INFO:colcon.colcon_notification.desktop_notification:Sending desktop notification using 'notify2'
[4.520s] DEBUG:colcon.colcon_core.event_reactor:joined thread
[4.521s] INFO:colcon.colcon_core.shell:Creating prefix script '/home/timur/FormationControlCpp/PythonVersion [Cpp]/install/local_setup.ps1'
[4.522s] INFO:colcon.colcon_core.shell:Creating prefix util module '/home/timur/FormationControlCpp/PythonVersion [Cpp]/install/_local_setup_util_ps1.py'
[4.523s] INFO:colcon.colcon_core.shell:Creating prefix chain script '/home/timur/FormationControlCpp/PythonVersion [Cpp]/install/setup.ps1'
[4.526s] INFO:colcon.colcon_core.shell:Creating prefix script '/home/timur/FormationControlCpp/PythonVersion [Cpp]/install/local_setup.sh'
[4.527s] INFO:colcon.colcon_core.shell:Creating prefix util module '/home/timur/FormationControlCpp/PythonVersion [Cpp]/install/_local_setup_util_sh.py'
[4.527s] INFO:colcon.colcon_core.shell:Creating prefix chain script '/home/timur/FormationControlCpp/PythonVersion [Cpp]/install/setup.sh'
[4.529s] INFO:colcon.colcon_core.shell:Creating prefix script '/home/timur/FormationControlCpp/PythonVersion [Cpp]/install/local_setup.bash'
[4.530s] INFO:colcon.colcon_core.shell:Creating prefix chain script '/home/timur/FormationControlCpp/PythonVersion [Cpp]/install/setup.bash'
[4.531s] INFO:colcon.colcon_core.shell:Creating prefix script '/home/timur/FormationControlCpp/PythonVersion [Cpp]/install/local_setup.zsh'
[4.532s] INFO:colcon.colcon_core.shell:Creating prefix chain script '/home/timur/FormationControlCpp/PythonVersion [Cpp]/install/setup.zsh'
